<?xml version="1.0" encoding="UTF-8"?>
<!-- Generated by org.testng.reporters.JUnitReportReporter -->
<testsuite hostname="macbook.local" failures="0" tests="4" name="com.automation.tests.LoginTest" time="3.027" errors="0" timestamp="28 Aug 2019 18:39:04 GMT" skipped="0">
  <testcase classname="com.automation.tests.LoginTest" name="test_Login_ValidCredential" time="0.399"/>
  <testcase classname="com.automation.tests.LoginTest" name="test_Login_InvalidCredentials" time="1.765"/>
  <testcase classname="com.automation.tests.LoginTest" name="test_Login_InvalidCredentials" time="0.432"/>
  <testcase classname="com.automation.tests.LoginTest" name="test_Login_InvalidCredentials" time="0.431"/>
</testsuite> <!-- com.automation.tests.LoginTest -->
