<?xml version="1.0" encoding="UTF-8"?>
<!-- Generated by org.testng.reporters.JUnitReportReporter -->
<testsuite name="com.automation.tests.LoginTest" tests="1" time="0.840" ignored="0" failures="0" timestamp="14 jun 2019 17:48:41 GMT" skipped="0" hostname="MacBook-Pro-de-Juan.local" errors="0">
  <testcase name="testFlightSearch" time="0.840" classname="com.automation.tests.LoginTest"/>
</testsuite> <!-- com.automation.tests.LoginTest -->
