<?xml version="1.0" encoding="UTF-8"?>
<!-- Generated by org.testng.reporters.JUnitReportReporter -->
<testsuite hostname="macbook.local" failures="0" tests="1" name="com.automation.tests.LoginTest" time="1.689" errors="0" timestamp="28 Aug 2019 21:44:18 GMT" skipped="0">
  <testcase classname="com.automation.tests.LoginTest" name="test_Login_ValidCredential" time="1.689"/>
</testsuite> <!-- com.automation.tests.LoginTest -->
