<?xml version="1.0" encoding="UTF-8"?>
<!-- Generated by org.testng.reporters.JUnitReportReporter -->
<testsuite ignored="0" hostname="macbook.local" failures="0" tests="4" name="com.automation.tests.LoginTest" time="2.035" errors="0" timestamp="27 Aug 2019 21:59:29 GMT" skipped="0">
  <testcase classname="com.automation.tests.LoginTest" name="test_Login_InvalidCredentials" time="0.663"/>
  <testcase classname="com.automation.tests.LoginTest" name="test_Login_ValidCredential" time="0.444"/>
  <testcase classname="com.automation.tests.LoginTest" name="test_Login_InvalidCredentials" time="0.478"/>
  <testcase classname="com.automation.tests.LoginTest" name="test_Login_InvalidCredentials" time="0.450"/>
</testsuite> <!-- com.automation.tests.LoginTest -->
