<?xml version="1.0" encoding="UTF-8"?>
<!-- Generated by org.testng.reporters.JUnitReportReporter -->
<testsuite hostname="juanhernandezs-macbookpro.roam.corp.google.com" name="com.automation.tests.JuanTest" tests="1" failures="0" timestamp="20 Dec 2018 23:02:06 GMT" time="4.871" errors="0">
  <testcase name="test_1" time="4.871" classname="com.automation.tests.JuanTest"/>
</testsuite> <!-- com.automation.tests.JuanTest -->
