<?xml version="1.0" encoding="UTF-8"?>
<!-- Generated by org.testng.reporters.JUnitReportReporter -->
<testsuite name="com.automation.tests.Exercise1" tests="1" time="0.578" ignored="0" failures="0" timestamp="06 jun 2019 21:29:37 GMT" skipped="0" hostname="MacBook-Pro-de-Juan.local" errors="0">
  <testcase name="testFlightSearch" time="0.578" classname="com.automation.tests.Exercise1"/>
</testsuite> <!-- com.automation.tests.Exercise1 -->
